#
# There is insufficient memory for the Java Runtime Environment to continue.
# Native memory allocation (malloc) failed to allocate 1048576 bytes for AllocateHeap
# Possible reasons:
#   The system is out of physical RAM or swap space
#   In 32 bit mode, the process size limit was hit
# Possible solutions:
#   Reduce memory load on the system
#   Increase physical memory or swap space
#   Check if swap backing store is full
#   Use 64 bit Java on a 64 bit OS
#   Decrease Java heap size (-Xmx/-Xms)
#   Decrease number of Java threads
#   Decrease Java thread stack sizes (-Xss)
#   Set larger code cache with -XX:ReservedCodeCacheSize=
# This output file may be truncated or incomplete.
#
#  Out of Memory Error (memory/allocation.inline.hpp:61), pid=13896, tid=0x0000000000003938
#
# JRE version:  (8.0) (build )
# Java VM: OpenJDK 64-Bit Server VM (25.71-b00 mixed mode windows-amd64 compressed oops)
# Failed to write core dump. Minidumps are not enabled by default on client versions of Windows
#

---------------  T H R E A D  ---------------

Current thread (0x0000000002d40800):  JavaThread "Unknown thread" [_thread_in_vm, id=14648, stack(0x0000000002c40000,0x0000000002d40000)]

Stack: [0x0000000002c40000,0x0000000002d40000]
[error occurred during error reporting (printing stack bounds), id 0xc0000005]

Native frames: (J=compiled Java code, j=interpreted, Vv=VM code, C=native code)


---------------  P R O C E S S  ---------------

Java Threads: ( => current thread )

Other Threads:

=>0x0000000002d40800 (exited) JavaThread "Unknown thread" [_thread_in_vm, id=14648, stack(0x0000000002c40000,0x0000000002d40000)]

VM state:not at safepoint (normal execution)

VM Mutex/Monitor currently owned by a thread: None

Heap:
 PSYoungGen      total 38400K, used 665K [0x00000000d5900000, 0x00000000d8380000, 0x0000000100000000)
  eden space 33280K, 2% used [0x00000000d5900000,0x00000000d59a6670,0x00000000d7980000)
  from space 5120K, 0% used [0x00000000d7e80000,0x00000000d7e80000,0x00000000d8380000)
  to   space 5120K, 0% used [0x00000000d7980000,0x00000000d7980000,0x00000000d7e80000)
 ParOldGen       total 87552K, used 0K [0x0000000080a00000, 0x0000000085f80000, 0x00000000d5900000)
  object space 87552K, 0% used [0x0000000080a00000,0x0000000080a00000,0x0000000085f80000)
 Metaspace       used 777K, capacity 4480K, committed 4480K, reserved 1056768K
  class space    used 74K, capacity 384K, committed 384K, reserved 1048576K

Card table byte_map: [0x0000000012200000,0x0000000012600000] byte_map_base: 0x0000000011dfb000

Marking Bits: (ParMarkBitMap*) 0x000000005deebe50
 Begin Bits: [0x00000000130b0000, 0x0000000015088000)
 End Bits:   [0x0000000015088000, 0x0000000017060000)

Polling page: 0x0000000000bf0000

CodeCache: size=245760Kb used=328Kb max_used=328Kb free=245431Kb
 bounds [0x0000000002e40000, 0x00000000030b0000, 0x0000000011e40000]
 total_blobs=57 nmethods=0 adapters=38
 compilation: enabled

Compilation events (0 events):
No events

GC Heap History (0 events):
No events

Deoptimization events (0 events):
No events

Classes redefined (0 events):
No events

Internal exceptions (0 events):
No events

Events (10 events):
Event: 0.038 loading class java/lang/Short
Event: 0.039 loading class java/lang/Short done
Event: 0.039 loading class java/lang/Integer
Event: 0.039 loading class java/lang/Integer done
Event: 0.039 loading class java/lang/Long
Event: 0.039 loading class java/lang/Long done
Event: 0.039 loading class java/lang/NullPointerException
Event: 0.039 loading class java/lang/NullPointerException done
Event: 0.039 loading class java/lang/ArithmeticException
Event: 0.040 loading class java/lang/ArithmeticException done


Dynamic libraries:
0x00007ff692d40000 - 0x00007ff692d75000 	C:\Program Files\Unity\Hub\Editor\2018.3.6f1\Editor\Data\PlaybackEngines\AndroidPlayer\Tools\OpenJDK\Windows\bin\java.exe
0x00007ffde7c90000 - 0x00007ffde7e7d000 	C:\WINDOWS\SYSTEM32\ntdll.dll
0x00007ffde50b0000 - 0x00007ffde5163000 	C:\WINDOWS\System32\KERNEL32.DLL
0x00007ffde4be0000 - 0x00007ffde4e73000 	C:\WINDOWS\System32\KERNELBASE.dll
0x00007ffde53c0000 - 0x00007ffde5463000 	C:\WINDOWS\System32\ADVAPI32.dll
0x00007ffde71d0000 - 0x00007ffde726e000 	C:\WINDOWS\System32\msvcrt.dll
0x00007ffde7a10000 - 0x00007ffde7aae000 	C:\WINDOWS\System32\sechost.dll
0x00007ffde5a70000 - 0x00007ffde5b92000 	C:\WINDOWS\System32\RPCRT4.dll
0x00007ffde5220000 - 0x00007ffde53b7000 	C:\WINDOWS\System32\USER32.dll
0x00007ffde4ea0000 - 0x00007ffde4ec0000 	C:\WINDOWS\System32\win32u.dll
0x00007ffde71a0000 - 0x00007ffde71c9000 	C:\WINDOWS\System32\GDI32.dll
0x00007ffde3db0000 - 0x00007ffde3f4a000 	C:\WINDOWS\System32\gdi32full.dll
0x00007ffde4b40000 - 0x00007ffde4be0000 	C:\WINDOWS\System32\msvcp_win.dll
0x00007ffde3fb0000 - 0x00007ffde40ac000 	C:\WINDOWS\System32\ucrtbase.dll
0x00007ffdd7f00000 - 0x00007ffdd8179000 	C:\WINDOWS\WinSxS\amd64_microsoft.windows.common-controls_6595b64144ccf1df_6.0.17763.316_none_05b53be2071f46b6\COMCTL32.dll
0x00007ffde55c0000 - 0x00007ffde58ed000 	C:\WINDOWS\System32\combase.dll
0x00007ffde4290000 - 0x00007ffde430e000 	C:\WINDOWS\System32\bcryptPrimitives.dll
0x00007ffde7290000 - 0x00007ffde72be000 	C:\WINDOWS\System32\IMM32.DLL
0x000000005df70000 - 0x000000005e042000 	C:\Program Files\Unity\Hub\Editor\2018.3.6f1\Editor\Data\PlaybackEngines\AndroidPlayer\Tools\OpenJDK\Windows\jre\bin\msvcr100.dll
0x000000005d720000 - 0x000000005df69000 	C:\Program Files\Unity\Hub\Editor\2018.3.6f1\Editor\Data\PlaybackEngines\AndroidPlayer\Tools\OpenJDK\Windows\jre\bin\server\jvm.dll
0x00007ffde7390000 - 0x00007ffde7398000 	C:\WINDOWS\System32\PSAPI.DLL
0x00007ffddf950000 - 0x00007ffddf974000 	C:\WINDOWS\SYSTEM32\WINMM.dll
0x00007ffdde6d0000 - 0x00007ffdde6da000 	C:\WINDOWS\SYSTEM32\VERSION.dll
0x00007ffde0230000 - 0x00007ffde0239000 	C:\WINDOWS\SYSTEM32\WSOCK32.dll
0x00007ffde72c0000 - 0x00007ffde732d000 	C:\WINDOWS\System32\WS2_32.dll
0x00007ffddf890000 - 0x00007ffddf8bd000 	C:\WINDOWS\SYSTEM32\winmmbase.dll
0x00007ffde3d60000 - 0x00007ffde3daa000 	C:\WINDOWS\System32\cfgmgr32.dll
0x00007ffdda830000 - 0x00007ffdda83f000 	C:\Program Files\Unity\Hub\Editor\2018.3.6f1\Editor\Data\PlaybackEngines\AndroidPlayer\Tools\OpenJDK\Windows\jre\bin\verify.dll
0x00007ffdceba0000 - 0x00007ffdcebc9000 	C:\Program Files\Unity\Hub\Editor\2018.3.6f1\Editor\Data\PlaybackEngines\AndroidPlayer\Tools\OpenJDK\Windows\jre\bin\java.dll
0x00007ffdd42d0000 - 0x00007ffdd42e6000 	C:\Program Files\Unity\Hub\Editor\2018.3.6f1\Editor\Data\PlaybackEngines\AndroidPlayer\Tools\OpenJDK\Windows\jre\bin\zip.dll

VM Arguments:
java_command: <unknown>
java_class_path (initial): .
Launcher Type: SUN_STANDARD

Environment Variables:
JAVA_HOME=C:\Program Files\Unity\Hub\Editor\2018.3.6f1\Editor\Data\PlaybackEngines\AndroidPlayer/Tools\OpenJDK\Windows
PATH=C:\ProgramData\Oracle\Java\javapath;C:\WINDOWS\system32;C:\WINDOWS;C:\WINDOWS\System32\Wbem;C:\WINDOWS\System32\WindowsPowerShell\v1.0\;C:\Program Files (x86)\GtkSharp\2.12\bin;C:\Users\Thao\Downloads\AndroidSDK\platform-tools;C:\Users\Thao\Downloads\Android\sdk\platform-tools;;C:\WINDOWS\System32\OpenSSH\;C:\Program Files\nodejs\;C:\Users\Thao\AppData\Local\Microsoft\WindowsApps;;C:\Users\Thao\AppData\Local\Programs\Microsoft VS Code\bin;C:\Users\Thao\AppData\Roaming\npm
USERNAME=Thao
OS=Windows_NT
PROCESSOR_IDENTIFIER=Intel64 Family 6 Model 42 Stepping 7, GenuineIntel



---------------  S Y S T E M  ---------------

OS: Windows 10.0 , 64 bit Build 17763 (10.0.17763.292)

CPU:total 8 (initial active 8) (4 cores per cpu, 2 threads per core) family 6 model 42 stepping 7, cmov, cx8, fxsr, mmx, sse, sse2, sse3, ssse3, sse4.1, sse4.2, popcnt, avx, aes, clmul, ht, tsc, tscinvbit

Memory: 4k page, physical 8343732k(2650608k free), swap 12533940k(5772k free)

vm_info: OpenJDK 64-Bit Server VM (25.71-b00) for windows-amd64 JRE (1.8.0-adoptopenjdk-_2018_05_19_00_59-b00), built on May 19 2018 01:02:12 by "jenkins" with MS VC++ 10.0 (VS2010)

time: Tue Feb 26 12:34:31 2019
elapsed time: 0 seconds (0d 0h 0m 0s)

