#
# There is insufficient memory for the Java Runtime Environment to continue.
# Native memory allocation (malloc) failed to allocate 607056 bytes for Chunk::new
# Possible reasons:
#   The system is out of physical RAM or swap space
#   In 32 bit mode, the process size limit was hit
# Possible solutions:
#   Reduce memory load on the system
#   Increase physical memory or swap space
#   Check if swap backing store is full
#   Use 64 bit Java on a 64 bit OS
#   Decrease Java heap size (-Xmx/-Xms)
#   Decrease number of Java threads
#   Decrease Java thread stack sizes (-Xss)
#   Set larger code cache with -XX:ReservedCodeCacheSize=
# This output file may be truncated or incomplete.
#
#  Out of Memory Error (allocation.cpp:390), pid=12584, tid=0x000000000000069c
#
# JRE version: OpenJDK Runtime Environment (8.0) (build 1.8.0-adoptopenjdk-_2018_05_19_00_59-b00)
# Java VM: OpenJDK 64-Bit Server VM (25.71-b00 mixed mode windows-amd64 compressed oops)
# Failed to write core dump. Minidumps are not enabled by default on client versions of Windows
#

---------------  T H R E A D  ---------------

Current thread (0x0000000019d1f000):  JavaThread "C2 CompilerThread0" daemon [_thread_in_native, id=1692, stack(0x000000001a4f0000,0x000000001a5f0000)]

Stack: [0x000000001a4f0000,0x000000001a5f0000]
[error occurred during error reporting (printing stack bounds), id 0xc0000005]

Native frames: (J=compiled Java code, j=interpreted, Vv=VM code, C=native code)


Current CompileTask:
C2:   1093 1211       4       java.io.WinNTFileSystem::normalize (231 bytes)


---------------  P R O C E S S  ---------------

Java Threads: ( => current thread )
  0x0000000019dbf000 JavaThread "Service Thread" daemon [_thread_blocked, id=14572, stack(0x000000001a8f0000,0x000000001a9f0000)]
  0x0000000019d2e800 JavaThread "C1 CompilerThread3" daemon [_thread_in_vm, id=15436, stack(0x000000001a7f0000,0x000000001a8f0000)]
  0x0000000019d26800 JavaThread "C2 CompilerThread2" daemon [_thread_in_native, id=5916, stack(0x000000001a6f0000,0x000000001a7f0000)]
  0x0000000019d21000 JavaThread "C2 CompilerThread1" daemon [_thread_in_native, id=9568, stack(0x000000001a5f0000,0x000000001a6f0000)]
=>0x0000000019d1f000 JavaThread "C2 CompilerThread0" daemon [_thread_in_native, id=1692, stack(0x000000001a4f0000,0x000000001a5f0000)]
  0x0000000019d1d000 JavaThread "Attach Listener" daemon [_thread_blocked, id=16296, stack(0x000000001a3f0000,0x000000001a4f0000)]
  0x0000000019d1a800 JavaThread "Signal Dispatcher" daemon [_thread_blocked, id=17876, stack(0x000000001a2f0000,0x000000001a3f0000)]
  0x0000000019d11000 JavaThread "Finalizer" daemon [_thread_blocked, id=18028, stack(0x000000001a0f0000,0x000000001a1f0000)]
  0x0000000002dea800 JavaThread "Reference Handler" daemon [_thread_blocked, id=15368, stack(0x0000000019bf0000,0x0000000019cf0000)]
  0x0000000002cf3000 JavaThread "main" [_thread_in_native, id=7124, stack(0x0000000002bf0000,0x0000000002cf0000)]

Other Threads:
  0x0000000017e25000 VMThread [stack: 0x0000000019af0000,0x0000000019bf0000] [id=17932]
  0x0000000019d70800 WatcherThread [stack: 0x000000001a9f0000,0x000000001aaf0000] [id=5336]

VM state:not at safepoint (normal execution)

VM Mutex/Monitor currently owned by a thread:  ([mutex/lock_event])
[0x0000000002cf1a50] Compile_lock - owner thread: 0x0000000019d2e800

Heap:
 PSYoungGen      total 38400K, used 5593K [0x00000000d5900000, 0x00000000d8380000, 0x0000000100000000)
  eden space 33280K, 2% used [0x00000000d5900000,0x00000000d59f62b0,0x00000000d7980000)
  from space 5120K, 90% used [0x00000000d7980000,0x00000000d7e00160,0x00000000d7e80000)
  to   space 5120K, 0% used [0x00000000d7e80000,0x00000000d7e80000,0x00000000d8380000)
 ParOldGen       total 87552K, used 80K [0x0000000080a00000, 0x0000000085f80000, 0x00000000d5900000)
  object space 87552K, 0% used [0x0000000080a00000,0x0000000080a14010,0x0000000085f80000)
 Metaspace       used 12360K, capacity 12612K, committed 12928K, reserved 1060864K
  class space    used 1479K, capacity 1576K, committed 1664K, reserved 1048576K

Card table byte_map: [0x00000000121b0000,0x00000000125b0000] byte_map_base: 0x0000000011dab000

Marking Bits: (ParMarkBitMap*) 0x000000007784be50
 Begin Bits: [0x0000000013060000, 0x0000000015038000)
 End Bits:   [0x0000000015038000, 0x0000000017010000)

Polling page: 0x0000000001370000

CodeCache: size=245760Kb used=4327Kb max_used=4327Kb free=241432Kb
 bounds [0x0000000002df0000, 0x0000000003230000, 0x0000000011df0000]
 total_blobs=1634 nmethods=1277 adapters=270
 compilation: enabled

Compilation events (10 events):
Event: 1.080 Thread 0x0000000019d26800 nmethod 1252% 0x0000000003228010 code [0x00000000032281a0, 0x00000000032285e8]
Event: 1.080 Thread 0x0000000019d26800 1268       4       sun.reflect.ClassFileAssembler::emitConstantPoolUTF8 (50 bytes)
Event: 1.080 Thread 0x0000000019d2e800 nmethod 1267 0x0000000003226f90 code [0x0000000003227180, 0x0000000003227b78]
Event: 1.080 Thread 0x0000000019d2e800 1270       3       java.util.regex.Pattern$TreeInfo::<init> (9 bytes)
Event: 1.080 Thread 0x0000000019d2e800 nmethod 1270 0x0000000003226ad0 code [0x0000000003226c40, 0x0000000003226ed0]
Event: 1.080 Thread 0x0000000019d2e800 1269       3       java.util.regex.Pattern$Curly::study (153 bytes)
Event: 1.081 Thread 0x0000000019d2e800 nmethod 1269 0x00000000032261d0 code [0x0000000003226360, 0x0000000003226918]
Event: 1.090 Thread 0x0000000019d2e800 1271       3       sun.misc.VM::addFinalRefCount (24 bytes)
Event: 1.091 Thread 0x0000000019d2e800 nmethod 1271 0x0000000003225ad0 code [0x0000000003225c20, 0x0000000003225dd0]
Event: 1.091 Thread 0x0000000019d2e800 1272   !   3       java.lang.ref.Reference::tryHandlePending (115 bytes)

GC Heap History (2 events):
Event: 1.081 GC heap before
{Heap before GC invocations=1 (full 0):
 PSYoungGen      total 38400K, used 33280K [0x00000000d5900000, 0x00000000d8380000, 0x0000000100000000)
  eden space 33280K, 100% used [0x00000000d5900000,0x00000000d7980000,0x00000000d7980000)
  from space 5120K, 0% used [0x00000000d7e80000,0x00000000d7e80000,0x00000000d8380000)
  to   space 5120K, 0% used [0x00000000d7980000,0x00000000d7980000,0x00000000d7e80000)
 ParOldGen       total 87552K, used 0K [0x0000000080a00000, 0x0000000085f80000, 0x00000000d5900000)
  object space 87552K, 0% used [0x0000000080a00000,0x0000000080a00000,0x0000000085f80000)
 Metaspace       used 12345K, capacity 12600K, committed 12928K, reserved 1060864K
  class space    used 1478K, capacity 1574K, committed 1664K, reserved 1048576K
Event: 1.090 GC heap after
Heap after GC invocations=1 (full 0):
 PSYoungGen      total 38400K, used 4608K [0x00000000d5900000, 0x00000000d8380000, 0x0000000100000000)
  eden space 33280K, 0% used [0x00000000d5900000,0x00000000d5900000,0x00000000d7980000)
  from space 5120K, 90% used [0x00000000d7980000,0x00000000d7e00160,0x00000000d7e80000)
  to   space 5120K, 0% used [0x00000000d7e80000,0x00000000d7e80000,0x00000000d8380000)
 ParOldGen       total 87552K, used 80K [0x0000000080a00000, 0x0000000085f80000, 0x00000000d5900000)
  object space 87552K, 0% used [0x0000000080a00000,0x0000000080a14010,0x0000000085f80000)
 Metaspace       used 12345K, capacity 12600K, committed 12928K, reserved 1060864K
  class space    used 1478K, capacity 1574K, committed 1664K, reserved 1048576K
}

Deoptimization events (10 events):
Event: 0.907 Thread 0x0000000002cf3000 Uncommon trap: reason=class_check action=maybe_recompile pc=0x0000000003143b28 method=java.util.regex.Pattern$GroupHead.match(Ljava/util/regex/Matcher;ILjava/lang/CharSequence;)Z @ 28
Event: 0.907 Thread 0x0000000002cf3000 Uncommon trap: reason=class_check action=maybe_recompile pc=0x0000000003143b28 method=java.util.regex.Pattern$GroupHead.match(Ljava/util/regex/Matcher;ILjava/lang/CharSequence;)Z @ 28
Event: 0.907 Thread 0x0000000002cf3000 Uncommon trap: reason=class_check action=maybe_recompile pc=0x0000000003143b28 method=java.util.regex.Pattern$GroupHead.match(Ljava/util/regex/Matcher;ILjava/lang/CharSequence;)Z @ 28
Event: 0.907 Thread 0x0000000002cf3000 Uncommon trap: reason=class_check action=maybe_recompile pc=0x0000000003143b28 method=java.util.regex.Pattern$GroupHead.match(Ljava/util/regex/Matcher;ILjava/lang/CharSequence;)Z @ 28
Event: 0.923 Thread 0x0000000002cf3000 Uncommon trap: reason=unstable_if action=reinterpret pc=0x000000000315d1a0 method=java.util.regex.Matcher.search(I)Z @ 30
Event: 0.923 Thread 0x0000000002cf3000 Uncommon trap: reason=unstable_if action=reinterpret pc=0x0000000003156624 method=java.util.regex.Pattern$Start.match(Ljava/util/regex/Matcher;ILjava/lang/CharSequence;)Z @ 10
Event: 0.938 Thread 0x0000000002cf3000 Uncommon trap: reason=bimorphic action=maybe_recompile pc=0x00000000031643b8 method=java.util.regex.Pattern$Curly.match0(Ljava/util/regex/Matcher;IILjava/lang/CharSequence;)Z @ 31
Event: 0.938 Thread 0x0000000002cf3000 Uncommon trap: reason=bimorphic action=maybe_recompile pc=0x00000000031643b8 method=java.util.regex.Pattern$Curly.match0(Ljava/util/regex/Matcher;IILjava/lang/CharSequence;)Z @ 31
Event: 0.938 Thread 0x0000000002cf3000 Uncommon trap: reason=bimorphic action=maybe_recompile pc=0x00000000031643b8 method=java.util.regex.Pattern$Curly.match0(Ljava/util/regex/Matcher;IILjava/lang/CharSequence;)Z @ 31
Event: 0.938 Thread 0x0000000002cf3000 Uncommon trap: reason=bimorphic action=maybe_recompile pc=0x00000000031643b8 method=java.util.regex.Pattern$Curly.match0(Ljava/util/regex/Matcher;IILjava/lang/CharSequence;)Z @ 31

Classes redefined (0 events):
No events

Internal exceptions (10 events):
Event: 0.459 Thread 0x0000000002cf3000 Exception <a 'java/security/PrivilegedActionException'> (0x00000000d62b78a8) thrown at [C:\Users\jenkins\workspace\openjdk8_build_x86-64_windows\openjdk\hotspot\src\share\vm\prims\jvm.cpp, line 1435]
Event: 0.459 Thread 0x0000000002cf3000 Exception <a 'java/security/PrivilegedActionException'> (0x00000000d62b7ca0) thrown at [C:\Users\jenkins\workspace\openjdk8_build_x86-64_windows\openjdk\hotspot\src\share\vm\prims\jvm.cpp, line 1435]
Event: 0.473 Thread 0x0000000002cf3000 Exception <a 'java/lang/ClassNotFoundException': com/sun/org/glassfish/hk2/osgiresourcelocator/ServiceLoader> (0x00000000d62e3338) thrown at [C:\Users\jenkins\workspace\openjdk8_build_x86-64_windows\openjdk\hotspot\src\share\vm\classfile\systemDictionary.
Event: 0.479 Thread 0x0000000002cf3000 Exception <a 'java/lang/NullPointerException'> (0x00000000d62fd200) thrown at [C:\Users\jenkins\workspace\openjdk8_build_x86-64_windows\openjdk\hotspot\src\share\vm\interpreter\linkResolver.cpp, line 1287]
Event: 0.520 Thread 0x0000000002cf3000 Exception <a 'java/lang/ArrayIndexOutOfBoundsException'> (0x00000000d639ae40) thrown at [C:\Users\jenkins\workspace\openjdk8_build_x86-64_windows\openjdk\hotspot\src\share\vm\runtime\sharedRuntime.cpp, line 605]
Event: 0.520 Thread 0x0000000002cf3000 Exception <a 'java/lang/ArrayIndexOutOfBoundsException'> (0x00000000d639c3f8) thrown at [C:\Users\jenkins\workspace\openjdk8_build_x86-64_windows\openjdk\hotspot\src\share\vm\runtime\sharedRuntime.cpp, line 605]
Event: 0.520 Thread 0x0000000002cf3000 Exception <a 'java/lang/ArrayIndexOutOfBoundsException'> (0x00000000d639da38) thrown at [C:\Users\jenkins\workspace\openjdk8_build_x86-64_windows\openjdk\hotspot\src\share\vm\runtime\sharedRuntime.cpp, line 605]
Event: 0.528 Thread 0x0000000002cf3000 Exception <a 'java/lang/ArrayIndexOutOfBoundsException': 85> (0x00000000d63d8de8) thrown at [C:\Users\jenkins\workspace\openjdk8_build_x86-64_windows\openjdk\hotspot\src\share\vm\interpreter\interpreterRuntime.cpp, line 366]
Event: 0.743 Thread 0x0000000002cf3000 Implicit null exception at 0x0000000003039d56 to 0x000000000303a0e5
Event: 0.839 Thread 0x0000000002cf3000 Implicit null exception at 0x000000000300e9d6 to 0x000000000300ed61

Events (10 events):
Event: 0.974 Thread 0x0000000002cf3000 DEOPT PACKING pc=0x00000000031875fd sp=0x0000000002cee770
Event: 0.974 Thread 0x0000000002cf3000 DEOPT UNPACKING pc=0x0000000002e375d0 sp=0x0000000002cee538 mode 0
Event: 0.975 Thread 0x0000000002cf3000 DEOPT PACKING pc=0x00000000031875fd sp=0x0000000002cee6c0
Event: 0.975 Thread 0x0000000002cf3000 DEOPT UNPACKING pc=0x0000000002e375d0 sp=0x0000000002cee488 mode 0
Event: 1.024 Thread 0x0000000002cf3000 DEOPT PACKING pc=0x00000000031b77d8 sp=0x0000000002cee690
Event: 1.024 Thread 0x0000000002cf3000 DEOPT UNPACKING pc=0x0000000002e375d0 sp=0x0000000002cee3d0 mode 0
Event: 1.032 Thread 0x0000000002cf3000 DEOPT PACKING pc=0x0000000002ffb28c sp=0x0000000002ceda20
Event: 1.032 Thread 0x0000000002cf3000 DEOPT UNPACKING pc=0x0000000002e375d0 sp=0x0000000002ced898 mode 0
Event: 1.081 Executing VM operation: ParallelGCFailedAllocation
Event: 1.090 Executing VM operation: ParallelGCFailedAllocation done


Dynamic libraries:
0x00007ff7c4450000 - 0x00007ff7c4485000 	C:\Program Files\Unity\Hub\Editor\2018.3.6f1\Editor\Data\PlaybackEngines\AndroidPlayer\Tools\OpenJDK\Windows\bin\java.exe
0x00007ffbc89e0000 - 0x00007ffbc8bcd000 	C:\WINDOWS\SYSTEM32\ntdll.dll
0x00007ffbc8870000 - 0x00007ffbc8923000 	C:\WINDOWS\System32\KERNEL32.DLL
0x00007ffbc4d40000 - 0x00007ffbc4fd3000 	C:\WINDOWS\System32\KERNELBASE.dll
0x00007ffbc6990000 - 0x00007ffbc6a33000 	C:\WINDOWS\System32\ADVAPI32.dll
0x00007ffbc5fb0000 - 0x00007ffbc604e000 	C:\WINDOWS\System32\msvcrt.dll
0x00007ffbc6ac0000 - 0x00007ffbc6b5e000 	C:\WINDOWS\System32\sechost.dll
0x00007ffbc8400000 - 0x00007ffbc8522000 	C:\WINDOWS\System32\RPCRT4.dll
0x00007ffbc5d80000 - 0x00007ffbc5f17000 	C:\WINDOWS\System32\USER32.dll
0x00007ffbc4be0000 - 0x00007ffbc4c00000 	C:\WINDOWS\System32\win32u.dll
0x00007ffbc5f80000 - 0x00007ffbc5fa9000 	C:\WINDOWS\System32\GDI32.dll
0x00007ffbc5a70000 - 0x00007ffbc5c0a000 	C:\WINDOWS\System32\gdi32full.dll
0x00007ffbc4c20000 - 0x00007ffbc4cc0000 	C:\WINDOWS\System32\msvcp_win.dll
0x00007ffbc4ab0000 - 0x00007ffbc4bac000 	C:\WINDOWS\System32\ucrtbase.dll
0x00007ffbbafe0000 - 0x00007ffbbb259000 	C:\WINDOWS\WinSxS\amd64_microsoft.windows.common-controls_6595b64144ccf1df_6.0.17763.316_none_05b53be2071f46b6\COMCTL32.dll
0x00007ffbc6160000 - 0x00007ffbc648d000 	C:\WINDOWS\System32\combase.dll
0x00007ffbc4cc0000 - 0x00007ffbc4d3e000 	C:\WINDOWS\System32\bcryptPrimitives.dll
0x00007ffbc81b0000 - 0x00007ffbc81de000 	C:\WINDOWS\System32\IMM32.DLL
0x00000000778d0000 - 0x00000000779a2000 	C:\Program Files\Unity\Hub\Editor\2018.3.6f1\Editor\Data\PlaybackEngines\AndroidPlayer\Tools\OpenJDK\Windows\jre\bin\msvcr100.dll
0x0000000077080000 - 0x00000000778c9000 	C:\Program Files\Unity\Hub\Editor\2018.3.6f1\Editor\Data\PlaybackEngines\AndroidPlayer\Tools\OpenJDK\Windows\jre\bin\server\jvm.dll
0x00007ffbc83f0000 - 0x00007ffbc83f8000 	C:\WINDOWS\System32\PSAPI.DLL
0x00007ffbc16e0000 - 0x00007ffbc16e9000 	C:\WINDOWS\SYSTEM32\WSOCK32.dll
0x00007ffbc1130000 - 0x00007ffbc1154000 	C:\WINDOWS\SYSTEM32\WINMM.dll
0x00007ffbc05f0000 - 0x00007ffbc05fa000 	C:\WINDOWS\SYSTEM32\VERSION.dll
0x00007ffbc8290000 - 0x00007ffbc82fd000 	C:\WINDOWS\System32\WS2_32.dll
0x00007ffbc1060000 - 0x00007ffbc108d000 	C:\WINDOWS\SYSTEM32\WINMMBASE.dll
0x00007ffbc50f0000 - 0x00007ffbc513a000 	C:\WINDOWS\System32\cfgmgr32.dll
0x00007ffbc1460000 - 0x00007ffbc146f000 	C:\Program Files\Unity\Hub\Editor\2018.3.6f1\Editor\Data\PlaybackEngines\AndroidPlayer\Tools\OpenJDK\Windows\jre\bin\verify.dll
0x00007ffbb7150000 - 0x00007ffbb7179000 	C:\Program Files\Unity\Hub\Editor\2018.3.6f1\Editor\Data\PlaybackEngines\AndroidPlayer\Tools\OpenJDK\Windows\jre\bin\java.dll
0x00007ffbbae40000 - 0x00007ffbbae56000 	C:\Program Files\Unity\Hub\Editor\2018.3.6f1\Editor\Data\PlaybackEngines\AndroidPlayer\Tools\OpenJDK\Windows\jre\bin\zip.dll
0x00007ffbc6b60000 - 0x00007ffbc804f000 	C:\WINDOWS\System32\SHELL32.dll
0x00007ffbc6050000 - 0x00007ffbc60f8000 	C:\WINDOWS\System32\shcore.dll
0x00007ffbc5140000 - 0x00007ffbc588a000 	C:\WINDOWS\System32\windows.storage.dll
0x00007ffbc4a40000 - 0x00007ffbc4a64000 	C:\WINDOWS\System32\profapi.dll
0x00007ffbc49e0000 - 0x00007ffbc4a3d000 	C:\WINDOWS\System32\powrprof.dll
0x00007ffbc6100000 - 0x00007ffbc6152000 	C:\WINDOWS\System32\shlwapi.dll
0x00007ffbc4a70000 - 0x00007ffbc4a81000 	C:\WINDOWS\System32\kernel.appcore.dll
0x00007ffbc4c00000 - 0x00007ffbc4c17000 	C:\WINDOWS\System32\cryptsp.dll
0x00007ffbaf8b0000 - 0x00007ffbaf8ca000 	C:\Program Files\Unity\Hub\Editor\2018.3.6f1\Editor\Data\PlaybackEngines\AndroidPlayer\Tools\OpenJDK\Windows\jre\bin\net.dll
0x00007ffbc4270000 - 0x00007ffbc42d7000 	C:\WINDOWS\system32\mswsock.dll
0x00007ffbaace0000 - 0x00007ffbaacf1000 	C:\Program Files\Unity\Hub\Editor\2018.3.6f1\Editor\Data\PlaybackEngines\AndroidPlayer\Tools\OpenJDK\Windows\jre\bin\nio.dll

VM Arguments:
jvm_args: -Dcom.android.sdklib.toolsdir=C:\Users\Thao\Downloads\Android\sdk\tools\bin\\.. 
java_command: com.android.sdklib.tool.sdkmanager.SdkManagerCli --list
java_class_path (initial): C:\Users\Thao\Downloads\Android\sdk\tools\bin\..\lib\dvlib-26.0.0-dev.jar;C:\Users\Thao\Downloads\Android\sdk\tools\bin\..\lib\jimfs-1.1.jar;C:\Users\Thao\Downloads\Android\sdk\tools\bin\..\lib\jsr305-1.3.9.jar;C:\Users\Thao\Downloads\Android\sdk\tools\bin\..\lib\repository-26.0.0-dev.jar;C:\Users\Thao\Downloads\Android\sdk\tools\bin\..\lib\j2objc-annotations-1.1.jar;C:\Users\Thao\Downloads\Android\sdk\tools\bin\..\lib\layoutlib-api-26.0.0-dev.jar;C:\Users\Thao\Downloads\Android\sdk\tools\bin\..\lib\gson-2.3.jar;C:\Users\Thao\Downloads\Android\sdk\tools\bin\..\lib\httpcore-4.2.5.jar;C:\Users\Thao\Downloads\Android\sdk\tools\bin\..\lib\commons-logging-1.1.1.jar;C:\Users\Thao\Downloads\Android\sdk\tools\bin\..\lib\commons-compress-1.12.jar;C:\Users\Thao\Downloads\Android\sdk\tools\bin\..\lib\annotations-26.0.0-dev.jar;C:\Users\Thao\Downloads\Android\sdk\tools\bin\..\lib\error_prone_annotations-2.0.18.jar;C:\Users\Thao\Downloads\Android\sdk\tools\bin\..\lib\animal-sniffer-annotations-1.14.jar;C:\Users\Thao\Downloads\Android\sdk\tools\bin\..\lib\httpclient-4.2.6.jar;C:\Users\Thao\Downloads\Android\sdk\tools\bin\..\lib\commons-codec-1.6.jar;C:\Users\Thao\Downloads\Android\sdk\tools\bin\..\lib\common-26.0.0-dev.jar;C:\Users\Thao\Downloads\Android\sdk\tools\bin\..\lib\kxml2-2.3.0.jar;C:\Users\Thao\Downloads\Android\sdk\tools\bin\..\lib\httpmime-4.1.jar;C:\Users\Thao\Downloads\Android\sdk\tools\bin\..\lib\annotations-12.0.jar;C:\Users\Thao\Downloads\Android\sdk\tools\bin\..\lib\sdklib-26.0.0-dev.jar;C:\Users\Thao\Downloads\Android\sdk\tools\bin\..\lib\guava-22.0.jar
Launcher Type: SUN_STANDARD

Environment Variables:
JAVA_HOME=C:\Program Files\Unity\Hub\Editor\2018.3.6f1\Editor\Data\PlaybackEngines\AndroidPlayer/Tools\OpenJDK\Windows
CLASSPATH=C:\Users\Thao\Downloads\Android\sdk\tools\bin\..\lib\dvlib-26.0.0-dev.jar;C:\Users\Thao\Downloads\Android\sdk\tools\bin\..\lib\jimfs-1.1.jar;C:\Users\Thao\Downloads\Android\sdk\tools\bin\..\lib\jsr305-1.3.9.jar;C:\Users\Thao\Downloads\Android\sdk\tools\bin\..\lib\repository-26.0.0-dev.jar;C:\Users\Thao\Downloads\Android\sdk\tools\bin\..\lib\j2objc-annotations-1.1.jar;C:\Users\Thao\Downloads\Android\sdk\tools\bin\..\lib\layoutlib-api-26.0.0-dev.jar;C:\Users\Thao\Downloads\Android\sdk\tools\bin\..\lib\gson-2.3.jar;C:\Users\Thao\Downloads\Android\sdk\tools\bin\..\lib\httpcore-4.2.5.jar;C:\Users\Thao\Downloads\Android\sdk\tools\bin\..\lib\commons-logging-1.1.1.jar;C:\Users\Thao\Downloads\Android\sdk\tools\bin\..\lib\commons-compress-1.12.jar;C:\Users\Thao\Downloads\Android\sdk\tools\bin\..\lib\annotations-26.0.0-dev.jar;C:\Users\Thao\Downloads\Android\sdk\tools\bin\..\lib\error_prone_annotations-2.0.18.jar;C:\Users\Thao\Downloads\Android\sdk\tools\bin\..\lib\animal-sniffer-annotations-1.14.jar;C:\Users\Thao\Downloads\Android\sdk\tools\bin\..\lib\httpclient-4.2.6.jar;C:\Users\Thao\Downloads\Android\sdk\tools\bin\..\lib\commons-codec-1.6.jar;C:\Users\Thao\Downloads\Android\sdk\tools\bin\..\lib\common-26.0.0-dev.jar;C:\Users\Thao\Downloads\Android\sdk\tools\bin\..\lib\kxml2-2.3.0.jar;C:\Users\Thao\Downloads\Android\sdk\tools\bin\..\lib\httpmime-4.1.jar;C:\Users\Thao\Downloads\Android\sdk\tools\bin\..\lib\annotations-12.0.jar;C:\Users\Thao\Downloads\Android\sdk\tools\bin\..\lib\sdklib-26.0.0-dev.jar;C:\Users\Thao\Downloads\Android\sdk\tools\bin\..\lib\guava-22.0.jar
PATH=C:\ProgramData\Oracle\Java\javapath;C:\WINDOWS\system32;C:\WINDOWS;C:\WINDOWS\System32\Wbem;C:\WINDOWS\System32\WindowsPowerShell\v1.0\;C:\Program Files (x86)\GtkSharp\2.12\bin;C:\Users\Thao\Downloads\AndroidSDK\platform-tools;C:\Users\Thao\Downloads\Android\sdk\platform-tools;;C:\WINDOWS\System32\OpenSSH\;C:\Program Files\nodejs\;C:\Users\Thao\AppData\Local\Microsoft\WindowsApps;;C:\Users\Thao\AppData\Local\Programs\Microsoft VS Code\bin;C:\Users\Thao\AppData\Roaming\npm
USERNAME=Thao
OS=Windows_NT
PROCESSOR_IDENTIFIER=Intel64 Family 6 Model 42 Stepping 7, GenuineIntel



---------------  S Y S T E M  ---------------

OS: Windows 10.0 , 64 bit Build 17763 (10.0.17763.292)

CPU:total 8 (initial active 8) (4 cores per cpu, 2 threads per core) family 6 model 42 stepping 7, cmov, cx8, fxsr, mmx, sse, sse2, sse3, ssse3, sse4.1, sse4.2, popcnt, avx, aes, clmul, ht, tsc, tscinvbit

Memory: 4k page, physical 8343732k(919968k free), swap 12533940k(4120k free)

vm_info: OpenJDK 64-Bit Server VM (25.71-b00) for windows-amd64 JRE (1.8.0-adoptopenjdk-_2018_05_19_00_59-b00), built on May 19 2018 01:02:12 by "jenkins" with MS VC++ 10.0 (VS2010)

time: Wed Feb 20 13:37:47 2019
elapsed time: 1 seconds (0d 0h 0m 1s)

