#
# There is insufficient memory for the Java Runtime Environment to continue.
# Native memory allocation (malloc) failed to allocate 447936 bytes for Chunk::new
# Possible reasons:
#   The system is out of physical RAM or swap space
#   In 32 bit mode, the process size limit was hit
# Possible solutions:
#   Reduce memory load on the system
#   Increase physical memory or swap space
#   Check if swap backing store is full
#   Use 64 bit Java on a 64 bit OS
#   Decrease Java heap size (-Xmx/-Xms)
#   Decrease number of Java threads
#   Decrease Java thread stack sizes (-Xss)
#   Set larger code cache with -XX:ReservedCodeCacheSize=
# This output file may be truncated or incomplete.
#
#  Out of Memory Error (allocation.cpp:390), pid=14128, tid=0x0000000000001b88
#
# JRE version: OpenJDK Runtime Environment (8.0) (build 1.8.0-adoptopenjdk-_2018_05_19_00_59-b00)
# Java VM: OpenJDK 64-Bit Server VM (25.71-b00 mixed mode windows-amd64 compressed oops)
# Failed to write core dump. Minidumps are not enabled by default on client versions of Windows
#

---------------  T H R E A D  ---------------

Current thread (0x000000001a16d800):  JavaThread "C2 CompilerThread1" daemon [_thread_in_native, id=7048, stack(0x000000001aa40000,0x000000001ab40000)]

Stack: [0x000000001aa40000,0x000000001ab40000]
[error occurred during error reporting (printing stack bounds), id 0xc0000005]

Native frames: (J=compiled Java code, j=interpreted, Vv=VM code, C=native code)


Current CompileTask:
C2:   1737 1945   !   4       com.sun.org.apache.xerces.internal.impl.XMLDocumentFragmentScannerImpl$FragmentContentDriver::next (2346 bytes)


---------------  P R O C E S S  ---------------

Java Threads: ( => current thread )
  0x000000001a1f6800 JavaThread "Service Thread" daemon [_thread_blocked, id=8792, stack(0x000000001ad40000,0x000000001ae40000)]
  0x000000001a17b800 JavaThread "C1 CompilerThread3" daemon [_thread_in_vm, id=16440, stack(0x000000001ac40000,0x000000001ad40000)]
  0x000000001a172000 JavaThread "C2 CompilerThread2" daemon [_thread_in_native, id=11540, stack(0x000000001ab40000,0x000000001ac40000)]
=>0x000000001a16d800 JavaThread "C2 CompilerThread1" daemon [_thread_in_native, id=7048, stack(0x000000001aa40000,0x000000001ab40000)]
  0x000000001a16b800 JavaThread "C2 CompilerThread0" daemon [_thread_in_native, id=13716, stack(0x000000001a940000,0x000000001aa40000)]
  0x000000001a169000 JavaThread "Attach Listener" daemon [_thread_blocked, id=3204, stack(0x000000001a840000,0x000000001a940000)]
  0x000000001a168000 JavaThread "Signal Dispatcher" daemon [_thread_blocked, id=14996, stack(0x000000001a740000,0x000000001a840000)]
  0x000000001a161000 JavaThread "Finalizer" daemon [_thread_blocked, id=12848, stack(0x000000001a540000,0x000000001a640000)]
  0x0000000003259800 JavaThread "Reference Handler" daemon [_thread_blocked, id=12840, stack(0x000000001a040000,0x000000001a140000)]
  0x0000000003163000 JavaThread "main" [_thread_in_Java, id=5336, stack(0x0000000002f70000,0x0000000003070000)]

Other Threads:
  0x0000000018265000 VMThread [stack: 0x0000000019f40000,0x000000001a040000] [id=17260]
  0x000000001a1f7000 WatcherThread [stack: 0x000000001ae40000,0x000000001af40000] [id=9556]

VM state:not at safepoint (normal execution)

VM Mutex/Monitor currently owned by a thread: None

Heap:
 PSYoungGen      total 38400K, used 24707K [0x00000000d5900000, 0x00000000d8380000, 0x0000000100000000)
  eden space 33280K, 61% used [0x00000000d5900000,0x00000000d6cde8c0,0x00000000d7980000)
  from space 5120K, 85% used [0x00000000d7e80000,0x00000000d82c25f0,0x00000000d8380000)
  to   space 5120K, 0% used [0x00000000d7980000,0x00000000d7980000,0x00000000d7e80000)
 ParOldGen       total 87552K, used 88K [0x0000000080a00000, 0x0000000085f80000, 0x00000000d5900000)
  object space 87552K, 0% used [0x0000000080a00000,0x0000000080a16010,0x0000000085f80000)
 Metaspace       used 13499K, capacity 13808K, committed 14080K, reserved 1060864K
  class space    used 1574K, capacity 1694K, committed 1792K, reserved 1048576K

Card table byte_map: [0x0000000012620000,0x0000000012a20000] byte_map_base: 0x000000001221b000

Marking Bits: (ParMarkBitMap*) 0x000000007784be50
 Begin Bits: [0x00000000134d0000, 0x00000000154a8000)
 End Bits:   [0x00000000154a8000, 0x0000000017480000)

Polling page: 0x0000000001230000

CodeCache: size=245760Kb used=6767Kb max_used=6767Kb free=238992Kb
 bounds [0x0000000003260000, 0x0000000003910000, 0x0000000012260000]
 total_blobs=2371 nmethods=2001 adapters=283
 compilation: enabled

Compilation events (10 events):
Event: 1.727 Thread 0x000000001a17b800 nmethod 1997 0x00000000038e92d0 code [0x00000000038e9420, 0x00000000038e9510]
Event: 1.727 Thread 0x000000001a17b800 1998       1       com.sun.xml.internal.bind.v2.runtime.unmarshaller.UnmarshallingContext::access$102 (7 bytes)
Event: 1.727 Thread 0x000000001a17b800 nmethod 1998 0x00000000038f19d0 code [0x00000000038f1b20, 0x00000000038f1c30]
Event: 1.728 Thread 0x000000001a17b800 2005       3       com.sun.org.apache.xerces.internal.impl.xs.XMLSchemaValidator::handleEndElement (933 bytes)
Event: 1.732 Thread 0x000000001a17b800 nmethod 2005 0x00000000038f8010 code [0x00000000038f84e0, 0x00000000038fb258]
Event: 1.732 Thread 0x000000001a17b800 1999       3       com.sun.org.apache.xerces.internal.impl.xs.XMLSchemaValidator::handleCharacters (208 bytes)
Event: 1.733 Thread 0x000000001a17b800 nmethod 1999 0x00000000038ef010 code [0x00000000038ef200, 0x00000000038efe28]
Event: 1.733 Thread 0x000000001a17b800 2000       3       com.sun.xml.internal.bind.v2.runtime.unmarshaller.UnmarshallingContext::expectText (11 bytes)
Event: 1.733 Thread 0x000000001a17b800 nmethod 2000 0x00000000038f1650 code [0x00000000038f17a0, 0x00000000038f1910]
Event: 1.733 Thread 0x000000001a17b800 2001   !   3       com.sun.xml.internal.bind.v2.runtime.unmarshaller.UnmarshallingContext::text (61 bytes)

GC Heap History (4 events):
Event: 1.063 GC heap before
{Heap before GC invocations=1 (full 0):
 PSYoungGen      total 38400K, used 33280K [0x00000000d5900000, 0x00000000d8380000, 0x0000000100000000)
  eden space 33280K, 100% used [0x00000000d5900000,0x00000000d7980000,0x00000000d7980000)
  from space 5120K, 0% used [0x00000000d7e80000,0x00000000d7e80000,0x00000000d8380000)
  to   space 5120K, 0% used [0x00000000d7980000,0x00000000d7980000,0x00000000d7e80000)
 ParOldGen       total 87552K, used 0K [0x0000000080a00000, 0x0000000085f80000, 0x00000000d5900000)
  object space 87552K, 0% used [0x0000000080a00000,0x0000000080a00000,0x0000000085f80000)
 Metaspace       used 12337K, capacity 12600K, committed 12928K, reserved 1060864K
  class space    used 1478K, capacity 1574K, committed 1664K, reserved 1048576K
Event: 1.070 GC heap after
Heap after GC invocations=1 (full 0):
 PSYoungGen      total 38400K, used 4517K [0x00000000d5900000, 0x00000000d8380000, 0x0000000100000000)
  eden space 33280K, 0% used [0x00000000d5900000,0x00000000d5900000,0x00000000d7980000)
  from space 5120K, 88% used [0x00000000d7980000,0x00000000d7de9458,0x00000000d7e80000)
  to   space 5120K, 0% used [0x00000000d7e80000,0x00000000d7e80000,0x00000000d8380000)
 ParOldGen       total 87552K, used 80K [0x0000000080a00000, 0x0000000085f80000, 0x00000000d5900000)
  object space 87552K, 0% used [0x0000000080a00000,0x0000000080a14010,0x0000000085f80000)
 Metaspace       used 12337K, capacity 12600K, committed 12928K, reserved 1060864K
  class space    used 1478K, capacity 1574K, committed 1664K, reserved 1048576K
}
Event: 1.407 GC heap before
{Heap before GC invocations=2 (full 0):
 PSYoungGen      total 38400K, used 37797K [0x00000000d5900000, 0x00000000d8380000, 0x0000000100000000)
  eden space 33280K, 100% used [0x00000000d5900000,0x00000000d7980000,0x00000000d7980000)
  from space 5120K, 88% used [0x00000000d7980000,0x00000000d7de9458,0x00000000d7e80000)
  to   space 5120K, 0% used [0x00000000d7e80000,0x00000000d7e80000,0x00000000d8380000)
 ParOldGen       total 87552K, used 80K [0x0000000080a00000, 0x0000000085f80000, 0x00000000d5900000)
  object space 87552K, 0% used [0x0000000080a00000,0x0000000080a14010,0x0000000085f80000)
 Metaspace       used 13133K, capacity 13398K, committed 13440K, reserved 1060864K
  class space    used 1546K, capacity 1623K, committed 1664K, reserved 1048576K
Event: 1.412 GC heap after
Heap after GC invocations=2 (full 0):
 PSYoungGen      total 38400K, used 4361K [0x00000000d5900000, 0x00000000d8380000, 0x0000000100000000)
  eden space 33280K, 0% used [0x00000000d5900000,0x00000000d5900000,0x00000000d7980000)
  from space 5120K, 85% used [0x00000000d7e80000,0x00000000d82c25f0,0x00000000d8380000)
  to   space 5120K, 0% used [0x00000000d7980000,0x00000000d7980000,0x00000000d7e80000)
 ParOldGen       total 87552K, used 88K [0x0000000080a00000, 0x0000000085f80000, 0x00000000d5900000)
  object space 87552K, 0% used [0x0000000080a00000,0x0000000080a16010,0x0000000085f80000)
 Metaspace       used 13133K, capacity 13398K, committed 13440K, reserved 1060864K
  class space    used 1546K, capacity 1623K, committed 1664K, reserved 1048576K
}

Deoptimization events (10 events):
Event: 1.676 Thread 0x0000000003163000 Uncommon trap: reason=unstable_if action=reinterpret pc=0x00000000037cbb74 method=com.sun.org.apache.xerces.internal.util.SymbolTable.addSymbol([CII)Ljava/lang/String; @ 64
Event: 1.686 Thread 0x0000000003163000 Uncommon trap: reason=unstable_if action=reinterpret pc=0x00000000038997d4 method=com.sun.org.apache.xerces.internal.util.SymbolTable.addSymbol0(Ljava/lang/String;II)Ljava/lang/String; @ 8
Event: 1.691 Thread 0x0000000003163000 Uncommon trap: reason=unstable_if action=reinterpret pc=0x0000000003585174 method=com.sun.org.apache.xerces.internal.impl.XMLEntityScanner.checkBeforeLoad(Lcom/sun/xml/internal/stream/Entity$ScannedEntity;II)I @ 18
Event: 1.692 Thread 0x0000000003163000 Uncommon trap: reason=unstable_if action=reinterpret pc=0x0000000003628a08 method=com.sun.org.apache.xerces.internal.impl.io.UTF8Reader.read([CII)I @ 131
Event: 1.692 Thread 0x0000000003163000 Uncommon trap: reason=unstable_if action=reinterpret pc=0x00000000035be204 method=java.util.regex.Pattern$BitClass.isSatisfiedBy(I)Z @ 13
Event: 1.699 Thread 0x0000000003163000 Uncommon trap: reason=unstable_if action=reinterpret pc=0x00000000035d4f3c method=java.util.regex.Pattern$NotBehind.match(Ljava/util/regex/Matcher;ILjava/lang/CharSequence;)Z @ 128
Event: 1.701 Thread 0x0000000003163000 Uncommon trap: reason=unstable_if action=reinterpret pc=0x0000000003615828 method=com.sun.org.apache.xerces.internal.impl.io.UTF8Reader.read([CII)I @ 131
Event: 1.702 Thread 0x0000000003163000 Uncommon trap: reason=unstable_if action=reinterpret pc=0x00000000035aab4c method=java.util.regex.Pattern$Ctype.isSatisfiedBy(I)Z @ 4
Event: 1.713 Thread 0x0000000003163000 Uncommon trap: reason=unstable_if action=reinterpret pc=0x00000000036cb790 method=java.util.regex.Matcher.find()Z @ 34
Event: 1.721 Thread 0x0000000003163000 Uncommon trap: reason=unstable_if action=reinterpret pc=0x0000000003883854 method=java.util.regex.Pattern$LastNode.match(Ljava/util/regex/Matcher;ILjava/lang/CharSequence;)Z @ 5

Classes redefined (0 events):
No events

Internal exceptions (10 events):
Event: 1.259 Thread 0x0000000003163000 Exception <a 'sun/nio/fs/WindowsException'> (0x00000000d6755698) thrown at [C:\Users\jenkins\workspace\openjdk8_build_x86-64_windows\openjdk\hotspot\src\share\vm\prims\jni.cpp, line 709]
Event: 1.259 Thread 0x0000000003163000 Exception <a 'sun/nio/fs/WindowsException'> (0x00000000d6755bf8) thrown at [C:\Users\jenkins\workspace\openjdk8_build_x86-64_windows\openjdk\hotspot\src\share\vm\prims\jni.cpp, line 709]
Event: 1.259 Thread 0x0000000003163000 Exception <a 'sun/nio/fs/WindowsException'> (0x00000000d6756620) thrown at [C:\Users\jenkins\workspace\openjdk8_build_x86-64_windows\openjdk\hotspot\src\share\vm\prims\jni.cpp, line 709]
Event: 1.259 Thread 0x0000000003163000 Exception <a 'sun/nio/fs/WindowsException'> (0x00000000d6756bc0) thrown at [C:\Users\jenkins\workspace\openjdk8_build_x86-64_windows\openjdk\hotspot\src\share\vm\prims\jni.cpp, line 709]
Event: 1.261 Thread 0x0000000003163000 Exception <a 'sun/nio/fs/WindowsException'> (0x00000000d675cd90) thrown at [C:\Users\jenkins\workspace\openjdk8_build_x86-64_windows\openjdk\hotspot\src\share\vm\prims\jni.cpp, line 709]
Event: 1.261 Thread 0x0000000003163000 Exception <a 'sun/nio/fs/WindowsException'> (0x00000000d675d2e0) thrown at [C:\Users\jenkins\workspace\openjdk8_build_x86-64_windows\openjdk\hotspot\src\share\vm\prims\jni.cpp, line 709]
Event: 1.261 Thread 0x0000000003163000 Exception <a 'sun/nio/fs/WindowsException'> (0x00000000d675dd08) thrown at [C:\Users\jenkins\workspace\openjdk8_build_x86-64_windows\openjdk\hotspot\src\share\vm\prims\jni.cpp, line 709]
Event: 1.261 Thread 0x0000000003163000 Exception <a 'sun/nio/fs/WindowsException'> (0x00000000d675e290) thrown at [C:\Users\jenkins\workspace\openjdk8_build_x86-64_windows\openjdk\hotspot\src\share\vm\prims\jni.cpp, line 709]
Event: 1.495 Thread 0x0000000003163000 Exception <a 'java/lang/ClassNotFoundException': com/sun/org/glassfish/hk2/osgiresourcelocator/ServiceLoader> (0x00000000d640d3b8) thrown at [C:\Users\jenkins\workspace\openjdk8_build_x86-64_windows\openjdk\hotspot\src\share\vm\classfile\systemDictionary.
Event: 1.557 Thread 0x0000000003163000 Exception <a 'java/lang/ClassNotFoundException': com/sun/org/glassfish/hk2/osgiresourcelocator/ServiceLoader> (0x00000000d661c660) thrown at [C:\Users\jenkins\workspace\openjdk8_build_x86-64_windows\openjdk\hotspot\src\share\vm\classfile\systemDictionary.

Events (10 events):
Event: 1.717 Thread 0x0000000003163000 DEOPT UNPACKING pc=0x00000000032a75d0 sp=0x000000000306df38 mode 0
Event: 1.717 loading class com/sun/org/apache/xerces/internal/impl/xpath/regex/Op$StringOp
Event: 1.717 loading class com/sun/org/apache/xerces/internal/impl/xpath/regex/Op$StringOp done
Event: 1.720 loading class com/sun/org/apache/xerces/internal/impl/xpath/regex/Op$UnionOp
Event: 1.720 loading class com/sun/org/apache/xerces/internal/impl/xpath/regex/Op$UnionOp done
Event: 1.721 Executing VM operation: ForceSafepoint
Event: 1.721 Executing VM operation: ForceSafepoint done
Event: 1.721 Thread 0x0000000003163000 Uncommon trap: trap_request=0xffffff65 fr.pc=0x0000000003883854
Event: 1.721 Thread 0x0000000003163000 DEOPT PACKING pc=0x0000000003883854 sp=0x000000000306c690
Event: 1.721 Thread 0x0000000003163000 DEOPT UNPACKING pc=0x00000000032a557b sp=0x000000000306c570 mode 2


Dynamic libraries:
0x00007ff7c4450000 - 0x00007ff7c4485000 	C:\Program Files\Unity\Hub\Editor\2018.3.6f1\Editor\Data\PlaybackEngines\AndroidPlayer\Tools\OpenJDK\Windows\bin\java.exe
0x00007ffbc89e0000 - 0x00007ffbc8bcd000 	C:\WINDOWS\SYSTEM32\ntdll.dll
0x00007ffbc8870000 - 0x00007ffbc8923000 	C:\WINDOWS\System32\KERNEL32.DLL
0x00007ffbc4d40000 - 0x00007ffbc4fd3000 	C:\WINDOWS\System32\KERNELBASE.dll
0x00007ffbc6990000 - 0x00007ffbc6a33000 	C:\WINDOWS\System32\ADVAPI32.dll
0x00007ffbc5fb0000 - 0x00007ffbc604e000 	C:\WINDOWS\System32\msvcrt.dll
0x00007ffbc6ac0000 - 0x00007ffbc6b5e000 	C:\WINDOWS\System32\sechost.dll
0x00007ffbc8400000 - 0x00007ffbc8522000 	C:\WINDOWS\System32\RPCRT4.dll
0x00007ffbc5d80000 - 0x00007ffbc5f17000 	C:\WINDOWS\System32\USER32.dll
0x00007ffbc4be0000 - 0x00007ffbc4c00000 	C:\WINDOWS\System32\win32u.dll
0x00007ffbc5f80000 - 0x00007ffbc5fa9000 	C:\WINDOWS\System32\GDI32.dll
0x00007ffbc5a70000 - 0x00007ffbc5c0a000 	C:\WINDOWS\System32\gdi32full.dll
0x00007ffbc4c20000 - 0x00007ffbc4cc0000 	C:\WINDOWS\System32\msvcp_win.dll
0x00007ffbc4ab0000 - 0x00007ffbc4bac000 	C:\WINDOWS\System32\ucrtbase.dll
0x00007ffbbafe0000 - 0x00007ffbbb259000 	C:\WINDOWS\WinSxS\amd64_microsoft.windows.common-controls_6595b64144ccf1df_6.0.17763.316_none_05b53be2071f46b6\COMCTL32.dll
0x00007ffbc6160000 - 0x00007ffbc648d000 	C:\WINDOWS\System32\combase.dll
0x00007ffbc4cc0000 - 0x00007ffbc4d3e000 	C:\WINDOWS\System32\bcryptPrimitives.dll
0x00007ffbc81b0000 - 0x00007ffbc81de000 	C:\WINDOWS\System32\IMM32.DLL
0x00000000778d0000 - 0x00000000779a2000 	C:\Program Files\Unity\Hub\Editor\2018.3.6f1\Editor\Data\PlaybackEngines\AndroidPlayer\Tools\OpenJDK\Windows\jre\bin\msvcr100.dll
0x0000000077080000 - 0x00000000778c9000 	C:\Program Files\Unity\Hub\Editor\2018.3.6f1\Editor\Data\PlaybackEngines\AndroidPlayer\Tools\OpenJDK\Windows\jre\bin\server\jvm.dll
0x00007ffbc83f0000 - 0x00007ffbc83f8000 	C:\WINDOWS\System32\PSAPI.DLL
0x00007ffbc05f0000 - 0x00007ffbc05fa000 	C:\WINDOWS\SYSTEM32\VERSION.dll
0x00007ffbc1130000 - 0x00007ffbc1154000 	C:\WINDOWS\SYSTEM32\WINMM.dll
0x00007ffbc16e0000 - 0x00007ffbc16e9000 	C:\WINDOWS\SYSTEM32\WSOCK32.dll
0x00007ffbc8290000 - 0x00007ffbc82fd000 	C:\WINDOWS\System32\WS2_32.dll
0x00007ffbc1060000 - 0x00007ffbc108d000 	C:\WINDOWS\SYSTEM32\winmmbase.dll
0x00007ffbc50f0000 - 0x00007ffbc513a000 	C:\WINDOWS\System32\cfgmgr32.dll
0x00007ffbbae50000 - 0x00007ffbbae5f000 	C:\Program Files\Unity\Hub\Editor\2018.3.6f1\Editor\Data\PlaybackEngines\AndroidPlayer\Tools\OpenJDK\Windows\jre\bin\verify.dll
0x00007ffbb7150000 - 0x00007ffbb7179000 	C:\Program Files\Unity\Hub\Editor\2018.3.6f1\Editor\Data\PlaybackEngines\AndroidPlayer\Tools\OpenJDK\Windows\jre\bin\java.dll
0x00007ffbaf8b0000 - 0x00007ffbaf8c6000 	C:\Program Files\Unity\Hub\Editor\2018.3.6f1\Editor\Data\PlaybackEngines\AndroidPlayer\Tools\OpenJDK\Windows\jre\bin\zip.dll
0x00007ffbc6b60000 - 0x00007ffbc804f000 	C:\WINDOWS\System32\SHELL32.dll
0x00007ffbc6050000 - 0x00007ffbc60f8000 	C:\WINDOWS\System32\shcore.dll
0x00007ffbc5140000 - 0x00007ffbc588a000 	C:\WINDOWS\System32\windows.storage.dll
0x00007ffbc4a40000 - 0x00007ffbc4a64000 	C:\WINDOWS\System32\profapi.dll
0x00007ffbc49e0000 - 0x00007ffbc4a3d000 	C:\WINDOWS\System32\powrprof.dll
0x00007ffbc6100000 - 0x00007ffbc6152000 	C:\WINDOWS\System32\shlwapi.dll
0x00007ffbc4a70000 - 0x00007ffbc4a81000 	C:\WINDOWS\System32\kernel.appcore.dll
0x00007ffbc4c00000 - 0x00007ffbc4c17000 	C:\WINDOWS\System32\cryptsp.dll
0x00007ffbaace0000 - 0x00007ffbaacfa000 	C:\Program Files\Unity\Hub\Editor\2018.3.6f1\Editor\Data\PlaybackEngines\AndroidPlayer\Tools\OpenJDK\Windows\jre\bin\net.dll
0x00007ffbc4270000 - 0x00007ffbc42d7000 	C:\WINDOWS\system32\mswsock.dll
0x00007ffba90e0000 - 0x00007ffba90f1000 	C:\Program Files\Unity\Hub\Editor\2018.3.6f1\Editor\Data\PlaybackEngines\AndroidPlayer\Tools\OpenJDK\Windows\jre\bin\nio.dll

VM Arguments:
jvm_args: -Dcom.android.sdklib.toolsdir=C:\Users\Thao\Downloads\Android\sdk\tools\bin\\.. 
java_command: com.android.sdklib.tool.sdkmanager.SdkManagerCli --list
java_class_path (initial): C:\Users\Thao\Downloads\Android\sdk\tools\bin\..\lib\dvlib-26.0.0-dev.jar;C:\Users\Thao\Downloads\Android\sdk\tools\bin\..\lib\jimfs-1.1.jar;C:\Users\Thao\Downloads\Android\sdk\tools\bin\..\lib\jsr305-1.3.9.jar;C:\Users\Thao\Downloads\Android\sdk\tools\bin\..\lib\repository-26.0.0-dev.jar;C:\Users\Thao\Downloads\Android\sdk\tools\bin\..\lib\j2objc-annotations-1.1.jar;C:\Users\Thao\Downloads\Android\sdk\tools\bin\..\lib\layoutlib-api-26.0.0-dev.jar;C:\Users\Thao\Downloads\Android\sdk\tools\bin\..\lib\gson-2.3.jar;C:\Users\Thao\Downloads\Android\sdk\tools\bin\..\lib\httpcore-4.2.5.jar;C:\Users\Thao\Downloads\Android\sdk\tools\bin\..\lib\commons-logging-1.1.1.jar;C:\Users\Thao\Downloads\Android\sdk\tools\bin\..\lib\commons-compress-1.12.jar;C:\Users\Thao\Downloads\Android\sdk\tools\bin\..\lib\annotations-26.0.0-dev.jar;C:\Users\Thao\Downloads\Android\sdk\tools\bin\..\lib\error_prone_annotations-2.0.18.jar;C:\Users\Thao\Downloads\Android\sdk\tools\bin\..\lib\animal-sniffer-annotations-1.14.jar;C:\Users\Thao\Downloads\Android\sdk\tools\bin\..\lib\httpclient-4.2.6.jar;C:\Users\Thao\Downloads\Android\sdk\tools\bin\..\lib\commons-codec-1.6.jar;C:\Users\Thao\Downloads\Android\sdk\tools\bin\..\lib\common-26.0.0-dev.jar;C:\Users\Thao\Downloads\Android\sdk\tools\bin\..\lib\kxml2-2.3.0.jar;C:\Users\Thao\Downloads\Android\sdk\tools\bin\..\lib\httpmime-4.1.jar;C:\Users\Thao\Downloads\Android\sdk\tools\bin\..\lib\annotations-12.0.jar;C:\Users\Thao\Downloads\Android\sdk\tools\bin\..\lib\sdklib-26.0.0-dev.jar;C:\Users\Thao\Downloads\Android\sdk\tools\bin\..\lib\guava-22.0.jar
Launcher Type: SUN_STANDARD

Environment Variables:
JAVA_HOME=C:\Program Files\Unity\Hub\Editor\2018.3.6f1\Editor\Data\PlaybackEngines\AndroidPlayer/Tools\OpenJDK\Windows
CLASSPATH=C:\Users\Thao\Downloads\Android\sdk\tools\bin\..\lib\dvlib-26.0.0-dev.jar;C:\Users\Thao\Downloads\Android\sdk\tools\bin\..\lib\jimfs-1.1.jar;C:\Users\Thao\Downloads\Android\sdk\tools\bin\..\lib\jsr305-1.3.9.jar;C:\Users\Thao\Downloads\Android\sdk\tools\bin\..\lib\repository-26.0.0-dev.jar;C:\Users\Thao\Downloads\Android\sdk\tools\bin\..\lib\j2objc-annotations-1.1.jar;C:\Users\Thao\Downloads\Android\sdk\tools\bin\..\lib\layoutlib-api-26.0.0-dev.jar;C:\Users\Thao\Downloads\Android\sdk\tools\bin\..\lib\gson-2.3.jar;C:\Users\Thao\Downloads\Android\sdk\tools\bin\..\lib\httpcore-4.2.5.jar;C:\Users\Thao\Downloads\Android\sdk\tools\bin\..\lib\commons-logging-1.1.1.jar;C:\Users\Thao\Downloads\Android\sdk\tools\bin\..\lib\commons-compress-1.12.jar;C:\Users\Thao\Downloads\Android\sdk\tools\bin\..\lib\annotations-26.0.0-dev.jar;C:\Users\Thao\Downloads\Android\sdk\tools\bin\..\lib\error_prone_annotations-2.0.18.jar;C:\Users\Thao\Downloads\Android\sdk\tools\bin\..\lib\animal-sniffer-annotations-1.14.jar;C:\Users\Thao\Downloads\Android\sdk\tools\bin\..\lib\httpclient-4.2.6.jar;C:\Users\Thao\Downloads\Android\sdk\tools\bin\..\lib\commons-codec-1.6.jar;C:\Users\Thao\Downloads\Android\sdk\tools\bin\..\lib\common-26.0.0-dev.jar;C:\Users\Thao\Downloads\Android\sdk\tools\bin\..\lib\kxml2-2.3.0.jar;C:\Users\Thao\Downloads\Android\sdk\tools\bin\..\lib\httpmime-4.1.jar;C:\Users\Thao\Downloads\Android\sdk\tools\bin\..\lib\annotations-12.0.jar;C:\Users\Thao\Downloads\Android\sdk\tools\bin\..\lib\sdklib-26.0.0-dev.jar;C:\Users\Thao\Downloads\Android\sdk\tools\bin\..\lib\guava-22.0.jar
PATH=C:\ProgramData\Oracle\Java\javapath;C:\WINDOWS\system32;C:\WINDOWS;C:\WINDOWS\System32\Wbem;C:\WINDOWS\System32\WindowsPowerShell\v1.0\;C:\Program Files (x86)\GtkSharp\2.12\bin;C:\Users\Thao\Downloads\AndroidSDK\platform-tools;C:\Users\Thao\Downloads\Android\sdk\platform-tools;;C:\WINDOWS\System32\OpenSSH\;C:\Program Files\nodejs\;C:\Users\Thao\AppData\Local\Microsoft\WindowsApps;;C:\Users\Thao\AppData\Local\Programs\Microsoft VS Code\bin;C:\Users\Thao\AppData\Roaming\npm
USERNAME=Thao
OS=Windows_NT
PROCESSOR_IDENTIFIER=Intel64 Family 6 Model 42 Stepping 7, GenuineIntel



---------------  S Y S T E M  ---------------

OS: Windows 10.0 , 64 bit Build 17763 (10.0.17763.292)

CPU:total 8 (initial active 8) (4 cores per cpu, 2 threads per core) family 6 model 42 stepping 7, cmov, cx8, fxsr, mmx, sse, sse2, sse3, ssse3, sse4.1, sse4.2, popcnt, avx, aes, clmul, ht, tsc, tscinvbit

Memory: 4k page, physical 8343732k(911088k free), swap 12533940k(5208k free)

vm_info: OpenJDK 64-Bit Server VM (25.71-b00) for windows-amd64 JRE (1.8.0-adoptopenjdk-_2018_05_19_00_59-b00), built on May 19 2018 01:02:12 by "jenkins" with MS VC++ 10.0 (VS2010)

time: Wed Feb 20 13:36:55 2019
elapsed time: 1 seconds (0d 0h 0m 1s)

